<?xml version="1.0" encoding="UTF-8"?><testsuite errors="1" failures="0" name="Verificar los productos de la tienda GW" skipped="0" tests="1" time="11.48" timestamp="2021-12-19 02:13:14"><testcase name="visualiza los productos exitosamente"><error message="Arity mismatch: Step Definition 'retoFinal.stepdefinitions.BackgroungStepDefinitios.buscaLosEnLaPaginaGwbicycles() in file:/C:/Users/Administrado/Documents/Semillero/RetoFinal/build/classes/java/test/' with pattern [^busca los (.*) en la pagina Gwbicycles$] is declared with 0 parameters. However, the gherkin step has 1 arguments [Shorts Leisure ]. &#10;Step text: busca los Shorts Leisure  en la pagina Gwbicycles" type="cucumber.runtime.CucumberException">Arity mismatch: Step Definition 'retoFinal.stepdefinitions.BackgroungStepDefinitios.buscaLosEnLaPaginaGwbicycles() in file:/C:/Users/Administrado/Documents/Semillero/RetoFinal/build/classes/java/test/' with pattern [^busca los (.*) en la pagina Gwbicycles$] is declared with 0 parameters. However, the gherkin step has 1 arguments [Shorts Leisure ].
Step text: busca los Shorts Leisure  en la pagina Gwbicycles</error><system-err>Arity mismatch: Step Definition 'retoFinal.stepdefinitions.BackgroungStepDefinitios.buscaLosEnLaPaginaGwbicycles() in file:/C:/Users/Administrado/Documents/Semillero/RetoFinal/build/classes/java/test/' with pattern [^busca los (.*) en la pagina Gwbicycles$] is declared with 0 parameters. However, the gherkin step has 1 arguments [Shorts Leisure ].
Step text: busca los Shorts Leisure  en la pagina Gwbicycles&#13;
cucumber.runner.Runner.runPickle(Runner.java:80)&#13;
</system-err></testcase></testsuite>